# JRE version: Java(TM) SE Runtime Environment (8.0_101-b13) (build 1.8.0_101-b13)
# Java VM: Java HotSpot(TM) 64-Bit Server VM (25.101-b13 mixed mode windows-amd64 compressed oops)
Heap:
 PSYoungGen      total 161792K, used 155560K [0x00000000f5580000, 0x00000000fff00000, 0x0000000100000000)
  eden space 151040K, 100% used [0x00000000f5580000,0x00000000fe900000,0x00000000fe900000)
  from space 10752K, 42% used [0x00000000ff480000,0x00000000ff8ea280,0x00000000fff00000)
  to   space 11264K, 41% used [0x00000000fe900000,0x00000000fed94498,0x00000000ff400000)
 ParOldGen       total 325120K, used 163820K [0x00000000e0000000, 0x00000000f3d80000, 0x00000000f5580000)
  object space 325120K, 50% used [0x00000000e0000000,0x00000000e9ffb388,0x00000000f3d80000)
 Metaspace       used 107240K, capacity 113490K, committed 113688K, reserved 1148928K
  class space    used 13328K, capacity 14793K, committed 14872K, reserved 1048576K
GC Heap History (10 events):
Event: 7807.908 GC heap after
Heap after GC invocations=258 (full 18):
 PSYoungGen      total 162304K, used 5802K [0x00000000f5580000, 0x00000000fff00000, 0x0000000100000000)
  eden space 152064K, 0% used [0x00000000f5580000,0x00000000f5580000,0x00000000fea00000)
  from space 10240K, 56% used [0x00000000ff500000,0x00000000ffaaa828,0x00000000fff00000)
  to   space 10752K, 0% used [0x00000000fea00000,0x00000000fea00000,0x00000000ff480000)
 ParOldGen       total 325120K, used 144997K [0x00000000e0000000, 0x00000000f3d80000, 0x00000000f5580000)
  object space 325120K, 44% used [0x00000000e0000000,0x00000000e8d99420,0x00000000f3d80000)
 Metaspace       used 107230K, capacity 113490K, committed 113688K, reserved 1148928K
  class space    used 13327K, capacity 14793K, committed 14872K, reserved 1048576K
}
Event: 7808.361 GC heap before
{Heap before GC invocations=259 (full 18):
 PSYoungGen      total 162304K, used 157866K [0x00000000f5580000, 0x00000000fff00000, 0x0000000100000000)
  eden space 152064K, 100% used [0x00000000f5580000,0x00000000fea00000,0x00000000fea00000)
  from space 10240K, 56% used [0x00000000ff500000,0x00000000ffaaa828,0x00000000fff00000)
  to   space 10752K, 0% used [0x00000000fea00000,0x00000000fea00000,0x00000000ff480000)
 ParOldGen       total 325120K, used 144997K [0x00000000e0000000, 0x00000000f3d80000, 0x00000000f5580000)
  object space 325120K, 44% used [0x00000000e0000000,0x00000000e8d99420,0x00000000f3d80000)
 Metaspace       used 107231K, capacity 113490K, committed 113688K, reserved 1148928K
  class space    used 13327K, capacity 14793K, committed 14872K, reserved 1048576K
Event: 7808.377 GC heap after
Heap after GC invocations=259 (full 18):
 PSYoungGen      total 162816K, used 2522K [0x00000000f5580000, 0x0000000100000000, 0x0000000100000000)
  eden space 152064K, 0% used [0x00000000f5580000,0x00000000f5580000,0x00000000fea00000)
  from space 10752K, 23% used [0x00000000fea00000,0x00000000fec76b60,0x00000000ff480000)
  to   space 10752K, 0% used [0x00000000ff580000,0x00000000ff580000,0x0000000100000000)
 ParOldGen       total 325120K, used 148131K [0x00000000e0000000, 0x00000000f3d80000, 0x00000000f5580000)
  object space 325120K, 45% used [0x00000000e0000000,0x00000000e90a8cc8,0x00000000f3d80000)
 Metaspace       used 107231K, capacity 113490K, committed 113688K, reserved 1148928K
  class space    used 13327K, capacity 14793K, committed 14872K, reserved 1048576K
}
Event: 7808.837 GC heap before
{Heap before GC invocations=260 (full 18):
 PSYoungGen      total 162816K, used 154586K [0x00000000f5580000, 0x0000000100000000, 0x0000000100000000)
  eden space 152064K, 100% used [0x00000000f5580000,0x00000000fea00000,0x00000000fea00000)
  from space 10752K, 23% used [0x00000000fea00000,0x00000000fec76b60,0x00000000ff480000)
  to   space 10752K, 0% used [0x00000000ff580000,0x00000000ff580000,0x0000000100000000)
 ParOldGen       total 325120K, used 148131K [0x00000000e0000000, 0x00000000f3d80000, 0x00000000f5580000)
  object space 325120K, 45% used [0x00000000e0000000,0x00000000e90a8cc8,0x00000000f3d80000)
 Metaspace       used 107231K, capacity 113490K, committed 113688K, reserved 1148928K
  class space    used 13327K, capacity 14793K, committed 14872K, reserved 1048576K
Event: 7808.853 GC heap after
Heap after GC invocations=260 (full 18):
 PSYoungGen      total 161792K, used 9603K [0x00000000f5580000, 0x0000000100000000, 0x0000000100000000)
  eden space 151040K, 0% used [0x00000000f5580000,0x00000000f5580000,0x00000000fe900000)
  from space 10752K, 89% used [0x00000000ff580000,0x00000000ffee0f50,0x0000000100000000)
  to   space 11776K, 0% used [0x00000000fe900000,0x00000000fe900000,0x00000000ff480000)
 ParOldGen       total 325120K, used 148656K [0x00000000e0000000, 0x00000000f3d80000, 0x00000000f5580000)
  object space 325120K, 45% used [0x00000000e0000000,0x00000000e912c070,0x00000000f3d80000)
 Metaspace       used 107231K, capacity 113490K, committed 113688K, reserved 1148928K
  class space    used 13327K, capacity 14793K, committed 14872K, reserved 1048576K
}
Event: 7809.345 GC heap before
{Heap before GC invocations=261 (full 18):
 PSYoungGen      total 161792K, used 160643K [0x00000000f5580000, 0x0000000100000000, 0x0000000100000000)
  eden space 151040K, 100% used [0x00000000f5580000,0x00000000fe900000,0x00000000fe900000)
  from space 10752K, 89% used [0x00000000ff580000,0x00000000ffee0f50,0x0000000100000000)
  to   space 11776K, 0% used [0x00000000fe900000,0x00000000fe900000,0x00000000ff480000)
 ParOldGen       total 325120K, used 148656K [0x00000000e0000000, 0x00000000f3d80000, 0x00000000f5580000)
  object space 325120K, 45% used [0x00000000e0000000,0x00000000e912c070,0x00000000f3d80000)
 Metaspace       used 107232K, capacity 113490K, committed 113688K, reserved 1148928K
  class space    used 13327K, capacity 14793K, committed 14872K, reserved 1048576K
Event: 7809.380 GC heap after
Heap after GC invocations=261 (full 18):
 PSYoungGen      total 162816K, used 4455K [0x00000000f5580000, 0x0000000100000000, 0x0000000100000000)
  eden space 151040K, 0% used [0x00000000f5580000,0x00000000f5580000,0x00000000fe900000)
  from space 11776K, 37% used [0x00000000fe900000,0x00000000fed59d88,0x00000000ff480000)
  to   space 11776K, 0% used [0x00000000ff480000,0x00000000ff480000,0x0000000100000000)
 ParOldGen       total 325120K, used 156287K [0x00000000e0000000, 0x00000000f3d80000, 0x00000000f5580000)
  object space 325120K, 48% used [0x00000000e0000000,0x00000000e989ff20,0x00000000f3d80000)
 Metaspace       used 107232K, capacity 113490K, committed 113688K, reserved 1148928K
  class space    used 13327K, capacity 14793K, committed 14872K, reserved 1048576K
}
Event: 7809.737 GC heap before
{Heap before GC invocations=262 (full 18):
 PSYoungGen      total 162816K, used 155495K [0x00000000f5580000, 0x0000000100000000, 0x0000000100000000)
  eden space 151040K, 100% used [0x00000000f5580000,0x00000000fe900000,0x00000000fe900000)
  from space 11776K, 37% used [0x00000000fe900000,0x00000000fed59d88,0x00000000ff480000)
  to   space 11776K, 0% used [0x00000000ff480000,0x00000000ff480000,0x0000000100000000)
 ParOldGen       total 325120K, used 156287K [0x00000000e0000000, 0x00000000f3d80000, 0x00000000f5580000)
  object space 325120K, 48% used [0x00000000e0000000,0x00000000e989ff20,0x00000000f3d80000)
 Metaspace       used 107240K, capacity 113490K, committed 113688K, reserved 1148928K
  class space    used 13328K, capacity 14793K, committed 14872K, reserved 1048576K
Event: 7809.754 GC heap after
Heap after GC invocations=262 (full 18):
 PSYoungGen      total 161792K, used 4520K [0x00000000f5580000, 0x00000000fff00000, 0x0000000100000000)
  eden space 151040K, 0% used [0x00000000f5580000,0x00000000f5580000,0x00000000fe900000)
  from space 10752K, 42% used [0x00000000ff480000,0x00000000ff8ea280,0x00000000fff00000)
  to   space 11264K, 0% used [0x00000000fe900000,0x00000000fe900000,0x00000000ff400000)
 ParOldGen       total 325120K, used 159725K [0x00000000e0000000, 0x00000000f3d80000, 0x00000000f5580000)
  object space 325120K, 49% used [0x00000000e0000000,0x00000000e9bfb610,0x00000000f3d80000)
 Metaspace       used 107240K, capacity 113490K, committed 113688K, reserved 1148928K
  class space    used 13328K, capacity 14793K, committed 14872K, reserved 1048576K
}
Event: 7810.037 GC heap before
{Heap before GC invocations=263 (full 18):
 PSYoungGen      total 161792K, used 155560K [0x00000000f5580000, 0x00000000fff00000, 0x0000000100000000)
  eden space 151040K, 100% used [0x00000000f5580000,0x00000000fe900000,0x00000000fe900000)
  from space 10752K, 42% used [0x00000000ff480000,0x00000000ff8ea280,0x00000000fff00000)
  to   space 11264K, 0% used [0x00000000fe900000,0x00000000fe900000,0x00000000ff400000)
 ParOldGen       total 325120K, used 159725K [0x00000000e0000000, 0x00000000f3d80000, 0x00000000f5580000)
  object space 325120K, 49% used [0x00000000e0000000,0x00000000e9bfb610,0x00000000f3d80000)
 Metaspace       used 107240K, capacity 113490K, committed 113688K, reserved 1148928K
  class space    used 13328K, capacity 14793K, committed 14872K, reserved 1048576K

