# JRE version: Java(TM) SE Runtime Environment (8.0_101-b13) (build 1.8.0_101-b13)
# Java VM: Java HotSpot(TM) 64-Bit Server VM (25.101-b13 mixed mode windows-amd64 compressed oops)
Heap:
 PSYoungGen      total 114688K, used 41633K [0x00000000f5580000, 0x0000000100000000, 0x0000000100000000)
  eden space 62976K, 5% used [0x00000000f5580000,0x00000000f58c04d0,0x00000000f9300000)
  from space 51712K, 74% used [0x00000000fcd80000,0x00000000ff2e8070,0x0000000100000000)
  to   space 55808K, 0% used [0x00000000f9300000,0x00000000f9300000,0x00000000fc980000)
 ParOldGen       total 255488K, used 191217K [0x00000000e0000000, 0x00000000ef980000, 0x00000000f5580000)
  object space 255488K, 74% used [0x00000000e0000000,0x00000000ebabc460,0x00000000ef980000)
 Metaspace       used 98934K, capacity 103722K, committed 104216K, reserved 1140736K
  class space    used 12571K, capacity 13675K, committed 13848K, reserved 1048576K
GC Heap History (10 events):
Event: 1088.274 GC heap before
{Heap before GC invocations=50 (full 6):
 PSYoungGen      total 103936K, used 37856K [0x00000000f5580000, 0x0000000100000000, 0x0000000100000000)
  eden space 66048K, 0% used [0x00000000f5580000,0x00000000f5580000,0x00000000f9600000)
  from space 37888K, 99% used [0x00000000fdb00000,0x00000000ffff8110,0x0000000100000000)
  to   space 54272K, 0% used [0x00000000f9600000,0x00000000f9600000,0x00000000fcb00000)
 ParOldGen       total 178688K, used 165347K [0x00000000e0000000, 0x00000000eae80000, 0x00000000f5580000)
  object space 178688K, 92% used [0x00000000e0000000,0x00000000ea178c18,0x00000000eae80000)
 Metaspace       used 99071K, capacity 104144K, committed 104216K, reserved 1140736K
  class space    used 12635K, capacity 13788K, committed 13848K, reserved 1048576K
Event: 1089.763 GC heap after
Heap after GC invocations=50 (full 6):
 PSYoungGen      total 103936K, used 0K [0x00000000f5580000, 0x0000000100000000, 0x0000000100000000)
  eden space 66048K, 0% used [0x00000000f5580000,0x00000000f5580000,0x00000000f9600000)
  from space 37888K, 0% used [0x00000000fdb00000,0x00000000fdb00000,0x0000000100000000)
  to   space 54272K, 0% used [0x00000000f9600000,0x00000000f9600000,0x00000000fcb00000)
 ParOldGen       total 255488K, used 161698K [0x00000000e0000000, 0x00000000ef980000, 0x00000000f5580000)
  object space 255488K, 63% used [0x00000000e0000000,0x00000000e9de89a8,0x00000000ef980000)
 Metaspace       used 98883K, capacity 103704K, committed 104216K, reserved 1140736K
  class space    used 12566K, capacity 13670K, committed 13848K, reserved 1048576K
}
Event: 1090.730 GC heap before
{Heap before GC invocations=51 (full 6):
 PSYoungGen      total 103936K, used 66048K [0x00000000f5580000, 0x0000000100000000, 0x0000000100000000)
  eden space 66048K, 100% used [0x00000000f5580000,0x00000000f9600000,0x00000000f9600000)
  from space 37888K, 0% used [0x00000000fdb00000,0x00000000fdb00000,0x0000000100000000)
  to   space 54272K, 0% used [0x00000000f9600000,0x00000000f9600000,0x00000000fcb00000)
 ParOldGen       total 255488K, used 161698K [0x00000000e0000000, 0x00000000ef980000, 0x00000000f5580000)
  object space 255488K, 63% used [0x00000000e0000000,0x00000000e9de89a8,0x00000000ef980000)
 Metaspace       used 98883K, capacity 103704K, committed 104216K, reserved 1140736K
  class space    used 12566K, capacity 13670K, committed 13848K, reserved 1048576K
Event: 1090.747 GC heap after
Heap after GC invocations=51 (full 6):
 PSYoungGen      total 120320K, used 17944K [0x00000000f5580000, 0x0000000100000000, 0x0000000100000000)
  eden space 66048K, 0% used [0x00000000f5580000,0x00000000f5580000,0x00000000f9600000)
  from space 54272K, 33% used [0x00000000f9600000,0x00000000fa786378,0x00000000fcb00000)
  to   space 50688K, 0% used [0x00000000fce80000,0x00000000fce80000,0x0000000100000000)
 ParOldGen       total 255488K, used 161698K [0x00000000e0000000, 0x00000000ef980000, 0x00000000f5580000)
  object space 255488K, 63% used [0x00000000e0000000,0x00000000e9de89a8,0x00000000ef980000)
 Metaspace       used 98883K, capacity 103704K, committed 104216K, reserved 1140736K
  class space    used 12566K, capacity 13670K, committed 13848K, reserved 1048576K
}
Event: 1091.815 GC heap before
{Heap before GC invocations=52 (full 6):
 PSYoungGen      total 120320K, used 83992K [0x00000000f5580000, 0x0000000100000000, 0x0000000100000000)
  eden space 66048K, 100% used [0x00000000f5580000,0x00000000f9600000,0x00000000f9600000)
  from space 54272K, 33% used [0x00000000f9600000,0x00000000fa786378,0x00000000fcb00000)
  to   space 50688K, 0% used [0x00000000fce80000,0x00000000fce80000,0x0000000100000000)
 ParOldGen       total 255488K, used 161698K [0x00000000e0000000, 0x00000000ef980000, 0x00000000f5580000)
  object space 255488K, 63% used [0x00000000e0000000,0x00000000e9de89a8,0x00000000ef980000)
 Metaspace       used 98894K, capacity 103704K, committed 104216K, reserved 1140736K
  class space    used 12566K, capacity 13670K, committed 13848K, reserved 1048576K
Event: 1091.844 GC heap after
Heap after GC invocations=52 (full 6):
 PSYoungGen      total 113664K, used 9148K [0x00000000f5580000, 0x00000000ff980000, 0x0000000100000000)
  eden space 69632K, 0% used [0x00000000f5580000,0x00000000f5580000,0x00000000f9980000)
  from space 44032K, 20% used [0x00000000fce80000,0x00000000fd76f0d0,0x00000000ff980000)
  to   space 49152K, 0% used [0x00000000f9980000,0x00000000f9980000,0x00000000fc980000)
 ParOldGen       total 255488K, used 168578K [0x00000000e0000000, 0x00000000ef980000, 0x00000000f5580000)
  object space 255488K, 65% used [0x00000000e0000000,0x00000000ea4a0ab0,0x00000000ef980000)
 Metaspace       used 98894K, capacity 103704K, committed 104216K, reserved 1140736K
  class space    used 12566K, capacity 13670K, committed 13848K, reserved 1048576K
}
Event: 1093.094 GC heap before
{Heap before GC invocations=53 (full 6):
 PSYoungGen      total 113664K, used 78461K [0x00000000f5580000, 0x00000000ff980000, 0x0000000100000000)
  eden space 69632K, 99% used [0x00000000f5580000,0x00000000f99306e0,0x00000000f9980000)
  from space 44032K, 20% used [0x00000000fce80000,0x00000000fd76f0d0,0x00000000ff980000)
  to   space 49152K, 0% used [0x00000000f9980000,0x00000000f9980000,0x00000000fc980000)
 ParOldGen       total 255488K, used 168578K [0x00000000e0000000, 0x00000000ef980000, 0x00000000f5580000)
  object space 255488K, 65% used [0x00000000e0000000,0x00000000ea4a0ab0,0x00000000ef980000)
 Metaspace       used 98914K, capacity 103718K, committed 104216K, reserved 1140736K
  class space    used 12570K, capacity 13675K, committed 13848K, reserved 1048576K
Event: 1093.129 GC heap after
Heap after GC invocations=53 (full 6):
 PSYoungGen      total 118784K, used 33179K [0x00000000f5580000, 0x0000000100000000, 0x0000000100000000)
  eden space 69632K, 0% used [0x00000000f5580000,0x00000000f5580000,0x00000000f9980000)
  from space 49152K, 67% used [0x00000000f9980000,0x00000000fb9e6fd0,0x00000000fc980000)
  to   space 51712K, 0% used [0x00000000fcd80000,0x00000000fcd80000,0x0000000100000000)
 ParOldGen       total 255488K, used 168922K [0x00000000e0000000, 0x00000000ef980000, 0x00000000f5580000)
  object space 255488K, 66% used [0x00000000e0000000,0x00000000ea4f6ab0,0x00000000ef980000)
 Metaspace       used 98914K, capacity 103718K, committed 104216K, reserved 1140736K
  class space    used 12570K, capacity 13675K, committed 13848K, reserved 1048576K
}
Event: 1094.030 GC heap before
{Heap before GC invocations=54 (full 6):
 PSYoungGen      total 118784K, used 102811K [0x00000000f5580000, 0x0000000100000000, 0x0000000100000000)
  eden space 69632K, 100% used [0x00000000f5580000,0x00000000f9980000,0x00000000f9980000)
  from space 49152K, 67% used [0x00000000f9980000,0x00000000fb9e6fd0,0x00000000fc980000)
  to   space 51712K, 0% used [0x00000000fcd80000,0x00000000fcd80000,0x0000000100000000)
 ParOldGen       total 255488K, used 168922K [0x00000000e0000000, 0x00000000ef980000, 0x00000000f5580000)
  object space 255488K, 66% used [0x00000000e0000000,0x00000000ea4f6ab0,0x00000000ef980000)
 Metaspace       used 98934K, capacity 103722K, committed 104216K, reserved 1140736K
  class space    used 12571K, capacity 13675K, committed 13848K, reserved 1048576K
Event: 1094.217 GC heap after
Heap after GC invocations=54 (full 6):
 PSYoungGen      total 114688K, used 38304K [0x00000000f5580000, 0x0000000100000000, 0x0000000100000000)
  eden space 62976K, 0% used [0x00000000f5580000,0x00000000f5580000,0x00000000f9300000)
  from space 51712K, 74% used [0x00000000fcd80000,0x00000000ff2e8070,0x0000000100000000)
  to   space 55808K, 0% used [0x00000000f9300000,0x00000000f9300000,0x00000000fc980000)
 ParOldGen       total 255488K, used 191217K [0x00000000e0000000, 0x00000000ef980000, 0x00000000f5580000)
  object space 255488K, 74% used [0x00000000e0000000,0x00000000ebabc460,0x00000000ef980000)
 Metaspace       used 98934K, capacity 103722K, committed 104216K, reserved 1140736K
  class space    used 12571K, capacity 13675K, committed 13848K, reserved 1048576K
}

