# JRE version: Java(TM) SE Runtime Environment (8.0_101-b13) (build 1.8.0_101-b13)
# Java VM: Java HotSpot(TM) 64-Bit Server VM (25.101-b13 mixed mode windows-amd64 compressed oops)
Heap:
 PSYoungGen      total 156160K, used 30055K [0x00000000f5580000, 0x0000000100000000, 0x0000000100000000)
  eden space 141824K, 11% used [0x00000000f5580000,0x00000000f64daf00,0x00000000fe000000)
  from space 14336K, 99% used [0x00000000ff200000,0x00000000ffffeec0,0x0000000100000000)
  to   space 16384K, 0% used [0x00000000fe000000,0x00000000fe000000,0x00000000ff000000)
 ParOldGen       total 74240K, used 21573K [0x00000000e0000000, 0x00000000e4880000, 0x00000000f5580000)
  object space 74240K, 29% used [0x00000000e0000000,0x00000000e15115e8,0x00000000e4880000)
 Metaspace       used 49726K, capacity 50894K, committed 51120K, reserved 1093632K
  class space    used 6859K, capacity 7231K, committed 7344K, reserved 1048576K
GC Heap History (10 events):
Event: 18.491 GC heap before
{Heap before GC invocations=8 (full 1):
 PSYoungGen      total 76800K, used 66560K [0x00000000f5580000, 0x00000000fab80000, 0x0000000100000000)
  eden space 66560K, 100% used [0x00000000f5580000,0x00000000f9680000,0x00000000f9680000)
  from space 10240K, 0% used [0x00000000fa180000,0x00000000fa180000,0x00000000fab80000)
  to   space 10752K, 0% used [0x00000000f9680000,0x00000000f9680000,0x00000000fa100000)
 ParOldGen       total 54272K, used 10106K [0x00000000e0000000, 0x00000000e3500000, 0x00000000f5580000)
  object space 54272K, 18% used [0x00000000e0000000,0x00000000e09de9c8,0x00000000e3500000)
 Metaspace       used 27268K, capacity 27746K, committed 27824K, reserved 1073152K
  class space    used 3798K, capacity 4011K, committed 4016K, reserved 1048576K
Event: 18.504 GC heap after
Heap after GC invocations=8 (full 1):
 PSYoungGen      total 77312K, used 8228K [0x00000000f5580000, 0x00000000fe080000, 0x0000000100000000)
  eden space 66560K, 0% used [0x00000000f5580000,0x00000000f5580000,0x00000000f9680000)
  from space 10752K, 76% used [0x00000000f9680000,0x00000000f9e892d0,0x00000000fa100000)
  to   space 11264K, 0% used [0x00000000fd580000,0x00000000fd580000,0x00000000fe080000)
 ParOldGen       total 54272K, used 10114K [0x00000000e0000000, 0x00000000e3500000, 0x00000000f5580000)
  object space 54272K, 18% used [0x00000000e0000000,0x00000000e09e09c8,0x00000000e3500000)
 Metaspace       used 27268K, capacity 27746K, committed 27824K, reserved 1073152K
  class space    used 3798K, capacity 4011K, committed 4016K, reserved 1048576K
}
Event: 19.625 GC heap before
{Heap before GC invocations=9 (full 1):
 PSYoungGen      total 77312K, used 74788K [0x00000000f5580000, 0x00000000fe080000, 0x0000000100000000)
  eden space 66560K, 100% used [0x00000000f5580000,0x00000000f9680000,0x00000000f9680000)
  from space 10752K, 76% used [0x00000000f9680000,0x00000000f9e892d0,0x00000000fa100000)
  to   space 11264K, 0% used [0x00000000fd580000,0x00000000fd580000,0x00000000fe080000)
 ParOldGen       total 54272K, used 10114K [0x00000000e0000000, 0x00000000e3500000, 0x00000000f5580000)
  object space 54272K, 18% used [0x00000000e0000000,0x00000000e09e09c8,0x00000000e3500000)
 Metaspace       used 31141K, capacity 31688K, committed 32048K, reserved 1077248K
  class space    used 4382K, capacity 4599K, committed 4656K, reserved 1048576K
Event: 19.654 GC heap after
Heap after GC invocations=9 (full 1):
 PSYoungGen      total 130048K, used 10072K [0x00000000f5580000, 0x00000000fe180000, 0x0000000100000000)
  eden space 118784K, 0% used [0x00000000f5580000,0x00000000f5580000,0x00000000fc980000)
  from space 11264K, 89% used [0x00000000fd580000,0x00000000fdf56238,0x00000000fe080000)
  to   space 12288K, 0% used [0x00000000fc980000,0x00000000fc980000,0x00000000fd580000)
 ParOldGen       total 54272K, used 10122K [0x00000000e0000000, 0x00000000e3500000, 0x00000000f5580000)
  object space 54272K, 18% used [0x00000000e0000000,0x00000000e09e29c8,0x00000000e3500000)
 Metaspace       used 31141K, capacity 31688K, committed 32048K, reserved 1077248K
  class space    used 4382K, capacity 4599K, committed 4656K, reserved 1048576K
}
Event: 21.704 GC heap before
{Heap before GC invocations=10 (full 1):
 PSYoungGen      total 130048K, used 77428K [0x00000000f5580000, 0x00000000fe180000, 0x0000000100000000)
  eden space 118784K, 56% used [0x00000000f5580000,0x00000000f9747080,0x00000000fc980000)
  from space 11264K, 89% used [0x00000000fd580000,0x00000000fdf56238,0x00000000fe080000)
  to   space 12288K, 0% used [0x00000000fc980000,0x00000000fc980000,0x00000000fd580000)
 ParOldGen       total 54272K, used 10122K [0x00000000e0000000, 0x00000000e3500000, 0x00000000f5580000)
  object space 54272K, 18% used [0x00000000e0000000,0x00000000e09e29c8,0x00000000e3500000)
 Metaspace       used 34701K, capacity 35448K, committed 35496K, reserved 1079296K
  class space    used 4873K, capacity 5150K, committed 5168K, reserved 1048576K
Event: 21.737 GC heap after
Heap after GC invocations=10 (full 1):
 PSYoungGen      total 131072K, used 12277K [0x00000000f5580000, 0x0000000100000000, 0x0000000100000000)
  eden space 118784K, 0% used [0x00000000f5580000,0x00000000f5580000,0x00000000fc980000)
  from space 12288K, 99% used [0x00000000fc980000,0x00000000fd57d500,0x00000000fd580000)
  to   space 14336K, 0% used [0x00000000ff200000,0x00000000ff200000,0x0000000100000000)
 ParOldGen       total 54272K, used 11506K [0x00000000e0000000, 0x00000000e3500000, 0x00000000f5580000)
  object space 54272K, 21% used [0x00000000e0000000,0x00000000e0b3c968,0x00000000e3500000)
 Metaspace       used 34701K, capacity 35448K, committed 35496K, reserved 1079296K
  class space    used 4873K, capacity 5150K, committed 5168K, reserved 1048576K
}
Event: 21.737 GC heap before
{Heap before GC invocations=11 (full 2):
 PSYoungGen      total 131072K, used 12277K [0x00000000f5580000, 0x0000000100000000, 0x0000000100000000)
  eden space 118784K, 0% used [0x00000000f5580000,0x00000000f5580000,0x00000000fc980000)
  from space 12288K, 99% used [0x00000000fc980000,0x00000000fd57d500,0x00000000fd580000)
  to   space 14336K, 0% used [0x00000000ff200000,0x00000000ff200000,0x0000000100000000)
 ParOldGen       total 54272K, used 11506K [0x00000000e0000000, 0x00000000e3500000, 0x00000000f5580000)
  object space 54272K, 21% used [0x00000000e0000000,0x00000000e0b3c968,0x00000000e3500000)
 Metaspace       used 34701K, capacity 35448K, committed 35496K, reserved 1079296K
  class space    used 4873K, capacity 5150K, committed 5168K, reserved 1048576K
Event: 21.912 GC heap after
Heap after GC invocations=11 (full 2):
 PSYoungGen      total 131072K, used 0K [0x00000000f5580000, 0x0000000100000000, 0x0000000100000000)
  eden space 118784K, 0% used [0x00000000f5580000,0x00000000f5580000,0x00000000fc980000)
  from space 12288K, 0% used [0x00000000fc980000,0x00000000fc980000,0x00000000fd580000)
  to   space 14336K, 0% used [0x00000000ff200000,0x00000000ff200000,0x0000000100000000)
 ParOldGen       total 74240K, used 20274K [0x00000000e0000000, 0x00000000e4880000, 0x00000000f5580000)
  object space 74240K, 27% used [0x00000000e0000000,0x00000000e13ccb38,0x00000000e4880000)
 Metaspace       used 34699K, capacity 35442K, committed 35496K, reserved 1079296K
  class space    used 4873K, capacity 5149K, committed 5168K, reserved 1048576K
}
Event: 24.824 GC heap before
{Heap before GC invocations=12 (full 2):
 PSYoungGen      total 131072K, used 118784K [0x00000000f5580000, 0x0000000100000000, 0x0000000100000000)
  eden space 118784K, 100% used [0x00000000f5580000,0x00000000fc980000,0x00000000fc980000)
  from space 12288K, 0% used [0x00000000fc980000,0x00000000fc980000,0x00000000fd580000)
  to   space 14336K, 0% used [0x00000000ff200000,0x00000000ff200000,0x0000000100000000)
 ParOldGen       total 74240K, used 20274K [0x00000000e0000000, 0x00000000e4880000, 0x00000000f5580000)
  object space 74240K, 27% used [0x00000000e0000000,0x00000000e13ccb38,0x00000000e4880000)
 Metaspace       used 46319K, capacity 47358K, committed 47536K, reserved 1089536K
  class space    used 6432K, capacity 6795K, committed 6832K, reserved 1048576K
Event: 24.855 GC heap after
Heap after GC invocations=12 (full 2):
 PSYoungGen      total 156160K, used 14331K [0x00000000f5580000, 0x0000000100000000, 0x0000000100000000)
  eden space 141824K, 0% used [0x00000000f5580000,0x00000000f5580000,0x00000000fe000000)
  from space 14336K, 99% used [0x00000000ff200000,0x00000000ffffeec0,0x0000000100000000)
  to   space 16384K, 0% used [0x00000000fe000000,0x00000000fe000000,0x00000000ff000000)
 ParOldGen       total 74240K, used 21573K [0x00000000e0000000, 0x00000000e4880000, 0x00000000f5580000)
  object space 74240K, 29% used [0x00000000e0000000,0x00000000e15115e8,0x00000000e4880000)
 Metaspace       used 46319K, capacity 47358K, committed 47536K, reserved 1089536K
  class space    used 6432K, capacity 6795K, committed 6832K, reserved 1048576K
}

