# JRE version: Java(TM) SE Runtime Environment (8.0_101-b13) (build 1.8.0_101-b13)
# Java VM: Java HotSpot(TM) 64-Bit Server VM (25.101-b13 mixed mode windows-amd64 compressed oops)
Heap:
 PSYoungGen      total 155648K, used 119332K [0x00000000f5580000, 0x0000000100000000, 0x0000000100000000)
  eden space 136704K, 87% used [0x00000000f5580000,0x00000000fca092c0,0x00000000fdb00000)
  from space 18944K, 0% used [0x00000000fed80000,0x00000000fed80000,0x0000000100000000)
  to   space 18944K, 0% used [0x00000000fdb00000,0x00000000fdb00000,0x00000000fed80000)
 ParOldGen       total 120832K, used 54609K [0x00000000e0000000, 0x00000000e7600000, 0x00000000f5580000)
  object space 120832K, 45% used [0x00000000e0000000,0x00000000e3554758,0x00000000e7600000)
 Metaspace       used 71965K, capacity 75389K, committed 75672K, reserved 1114112K
  class space    used 9625K, capacity 10604K, committed 10648K, reserved 1048576K
GC Heap History (10 events):
Event: 77.411 GC heap before
{Heap before GC invocations=20 (full 4):
 PSYoungGen      total 152576K, used 11098K [0x00000000f5580000, 0x0000000100000000, 0x0000000100000000)
  eden space 137728K, 0% used [0x00000000f5580000,0x00000000f5580000,0x00000000fdc00000)
  from space 14848K, 74% used [0x00000000ff180000,0x00000000ffc56a80,0x0000000100000000)
  to   space 18432K, 0% used [0x00000000fdc00000,0x00000000fdc00000,0x00000000fee00000)
 ParOldGen       total 120832K, used 55826K [0x00000000e0000000, 0x00000000e7600000, 0x00000000f5580000)
  object space 120832K, 46% used [0x00000000e0000000,0x00000000e3684840,0x00000000e7600000)
 Metaspace       used 66540K, capacity 69521K, committed 69784K, reserved 1110016K
  class space    used 9124K, capacity 10015K, committed 10136K, reserved 1048576K
Event: 78.591 GC heap after
Heap after GC invocations=20 (full 4):
 PSYoungGen      total 152576K, used 0K [0x00000000f5580000, 0x0000000100000000, 0x0000000100000000)
  eden space 137728K, 0% used [0x00000000f5580000,0x00000000f5580000,0x00000000fdc00000)
  from space 14848K, 0% used [0x00000000ff180000,0x00000000ff180000,0x0000000100000000)
  to   space 18432K, 0% used [0x00000000fdc00000,0x00000000fdc00000,0x00000000fee00000)
 ParOldGen       total 120832K, used 56159K [0x00000000e0000000, 0x00000000e7600000, 0x00000000f5580000)
  object space 120832K, 46% used [0x00000000e0000000,0x00000000e36d7ed0,0x00000000e7600000)
 Metaspace       used 66491K, capacity 69383K, committed 69784K, reserved 1110016K
  class space    used 9111K, capacity 9969K, committed 10136K, reserved 1048576K
}
Event: 95.638 GC heap before
{Heap before GC invocations=21 (full 4):
 PSYoungGen      total 152576K, used 6402K [0x00000000f5580000, 0x0000000100000000, 0x0000000100000000)
  eden space 137728K, 4% used [0x00000000f5580000,0x00000000f5bc0ab8,0x00000000fdc00000)
  from space 14848K, 0% used [0x00000000ff180000,0x00000000ff180000,0x0000000100000000)
  to   space 18432K, 0% used [0x00000000fdc00000,0x00000000fdc00000,0x00000000fee00000)
 ParOldGen       total 120832K, used 56159K [0x00000000e0000000, 0x00000000e7600000, 0x00000000f5580000)
  object space 120832K, 46% used [0x00000000e0000000,0x00000000e36d7ed0,0x00000000e7600000)
 Metaspace       used 66637K, capacity 69567K, committed 69784K, reserved 1110016K
  class space    used 9132K, capacity 10005K, committed 10136K, reserved 1048576K
Event: 95.658 GC heap after
Heap after GC invocations=21 (full 4):
 PSYoungGen      total 138240K, used 256K [0x00000000f5580000, 0x0000000100000000, 0x0000000100000000)
  eden space 137728K, 0% used [0x00000000f5580000,0x00000000f5580000,0x00000000fdc00000)
  from space 512K, 50% used [0x00000000fdc00000,0x00000000fdc40000,0x00000000fdc80000)
  to   space 18944K, 0% used [0x00000000fed80000,0x00000000fed80000,0x0000000100000000)
 ParOldGen       total 120832K, used 56167K [0x00000000e0000000, 0x00000000e7600000, 0x00000000f5580000)
  object space 120832K, 46% used [0x00000000e0000000,0x00000000e36d9ed0,0x00000000e7600000)
 Metaspace       used 66637K, capacity 69567K, committed 69784K, reserved 1110016K
  class space    used 9132K, capacity 10005K, committed 10136K, reserved 1048576K
}
Event: 95.658 GC heap before
{Heap before GC invocations=22 (full 5):
 PSYoungGen      total 138240K, used 256K [0x00000000f5580000, 0x0000000100000000, 0x0000000100000000)
  eden space 137728K, 0% used [0x00000000f5580000,0x00000000f5580000,0x00000000fdc00000)
  from space 512K, 50% used [0x00000000fdc00000,0x00000000fdc40000,0x00000000fdc80000)
  to   space 18944K, 0% used [0x00000000fed80000,0x00000000fed80000,0x0000000100000000)
 ParOldGen       total 120832K, used 56167K [0x00000000e0000000, 0x00000000e7600000, 0x00000000f5580000)
  object space 120832K, 46% used [0x00000000e0000000,0x00000000e36d9ed0,0x00000000e7600000)
 Metaspace       used 66637K, capacity 69567K, committed 69784K, reserved 1110016K
  class space    used 9132K, capacity 10005K, committed 10136K, reserved 1048576K
Event: 96.331 GC heap after
Heap after GC invocations=22 (full 5):
 PSYoungGen      total 138240K, used 0K [0x00000000f5580000, 0x0000000100000000, 0x0000000100000000)
  eden space 137728K, 0% used [0x00000000f5580000,0x00000000f5580000,0x00000000fdc00000)
  from space 512K, 0% used [0x00000000fdc00000,0x00000000fdc00000,0x00000000fdc80000)
  to   space 18944K, 0% used [0x00000000fed80000,0x00000000fed80000,0x0000000100000000)
 ParOldGen       total 120832K, used 54709K [0x00000000e0000000, 0x00000000e7600000, 0x00000000f5580000)
  object space 120832K, 45% used [0x00000000e0000000,0x00000000e356d718,0x00000000e7600000)
 Metaspace       used 66637K, capacity 69567K, committed 69784K, reserved 1110016K
  class space    used 9132K, capacity 10005K, committed 10136K, reserved 1048576K
}
Event: 97.064 GC heap before
{Heap before GC invocations=23 (full 5):
 PSYoungGen      total 138240K, used 3341K [0x00000000f5580000, 0x0000000100000000, 0x0000000100000000)
  eden space 137728K, 2% used [0x00000000f5580000,0x00000000f58c3700,0x00000000fdc00000)
  from space 512K, 0% used [0x00000000fdc00000,0x00000000fdc00000,0x00000000fdc80000)
  to   space 18944K, 0% used [0x00000000fed80000,0x00000000fed80000,0x0000000100000000)
 ParOldGen       total 120832K, used 54709K [0x00000000e0000000, 0x00000000e7600000, 0x00000000f5580000)
  object space 120832K, 45% used [0x00000000e0000000,0x00000000e356d718,0x00000000e7600000)
 Metaspace       used 66638K, capacity 69567K, committed 69784K, reserved 1110016K
  class space    used 9132K, capacity 10005K, committed 10136K, reserved 1048576K
Event: 97.072 GC heap after
Heap after GC invocations=23 (full 5):
 PSYoungGen      total 155648K, used 96K [0x00000000f5580000, 0x0000000100000000, 0x0000000100000000)
  eden space 136704K, 0% used [0x00000000f5580000,0x00000000f5580000,0x00000000fdb00000)
  from space 18944K, 0% used [0x00000000fed80000,0x00000000fed98000,0x0000000100000000)
  to   space 18944K, 0% used [0x00000000fdb00000,0x00000000fdb00000,0x00000000fed80000)
 ParOldGen       total 120832K, used 54709K [0x00000000e0000000, 0x00000000e7600000, 0x00000000f5580000)
  object space 120832K, 45% used [0x00000000e0000000,0x00000000e356d718,0x00000000e7600000)
 Metaspace       used 66638K, capacity 69567K, committed 69784K, reserved 1110016K
  class space    used 9132K, capacity 10005K, committed 10136K, reserved 1048576K
}
Event: 97.072 GC heap before
{Heap before GC invocations=24 (full 6):
 PSYoungGen      total 155648K, used 96K [0x00000000f5580000, 0x0000000100000000, 0x0000000100000000)
  eden space 136704K, 0% used [0x00000000f5580000,0x00000000f5580000,0x00000000fdb00000)
  from space 18944K, 0% used [0x00000000fed80000,0x00000000fed98000,0x0000000100000000)
  to   space 18944K, 0% used [0x00000000fdb00000,0x00000000fdb00000,0x00000000fed80000)
 ParOldGen       total 120832K, used 54709K [0x00000000e0000000, 0x00000000e7600000, 0x00000000f5580000)
  object space 120832K, 45% used [0x00000000e0000000,0x00000000e356d718,0x00000000e7600000)
 Metaspace       used 66638K, capacity 69567K, committed 69784K, reserved 1110016K
  class space    used 9132K, capacity 10005K, committed 10136K, reserved 1048576K
Event: 97.334 GC heap after
Heap after GC invocations=24 (full 6):
 PSYoungGen      total 155648K, used 0K [0x00000000f5580000, 0x0000000100000000, 0x0000000100000000)
  eden space 136704K, 0% used [0x00000000f5580000,0x00000000f5580000,0x00000000fdb00000)
  from space 18944K, 0% used [0x00000000fed80000,0x00000000fed80000,0x0000000100000000)
  to   space 18944K, 0% used [0x00000000fdb00000,0x00000000fdb00000,0x00000000fed80000)
 ParOldGen       total 120832K, used 54609K [0x00000000e0000000, 0x00000000e7600000, 0x00000000f5580000)
  object space 120832K, 45% used [0x00000000e0000000,0x00000000e3554758,0x00000000e7600000)
 Metaspace       used 66638K, capacity 69567K, committed 69784K, reserved 1110016K
  class space    used 9132K, capacity 10005K, committed 10136K, reserved 1048576K
}

